<?xml version="1.0" encoding="UTF-8"?>
<!-- Generated by org.testng.reporters.JUnitXMLReporter -->
<testsuite ignored="5" hostname="LAPTOP-I33T45KV" failures="0" tests="1" name="Default test" time="13.493" errors="0" timestamp="2023-02-06T22:37:28 IST">
  <testcase classname="Pages.Logincalss" name="iconfunctionality" time="3.975"/>
  <testcase classname="Pages.Logincalss" name="validcredentilals" time="0.0">
    <ignored/>
  </testcase> <!-- validcredentilals -->
  <testcase classname="Pages.Logincalss" name="linksOnthePage" time="0.0">
    <ignored/>
  </testcase> <!-- linksOnthePage -->
  <testcase classname="Pages.Logincalss" name="loginmethodsubaru" time="0.0">
    <ignored/>
  </testcase> <!-- loginmethodsubaru -->
  <testcase classname="Pages.Logincalss" name="clickingonLoginButtonWithoutUsernameandPass" time="0.0">
    <ignored/>
  </testcase> <!-- clickingonLoginButtonWithoutUsernameandPass -->
  <testcase classname="Pages.Logincalss" name="loginmethod2" time="0.0">
    <ignored/>
  </testcase> <!-- loginmethod2 -->
</testsuite> <!-- Default test -->
