<?xml version="1.0" encoding="UTF-8"?>
<testng-results ignored="5" total="6" passed="1" failed="0" skipped="0">
  <reporter-output>
  </reporter-output>
  <suite started-at="2023-02-06T22:37:14 IST" name="Default suite" finished-at="2023-02-06T22:37:28 IST" duration-ms="13493">
    <groups>
      <group name="subaru">
        <method signature="Logincalss.iconfunctionality()[pri:0, instance:Pages.Logincalss@693fe6c9]" name="iconfunctionality" class="Pages.Logincalss"/>
      </group> <!-- subaru -->
    </groups>
    <test started-at="2023-02-06T22:37:14 IST" name="Default test" finished-at="2023-02-06T22:37:28 IST" duration-ms="13493">
      <class name="Pages.Logincalss">
        <test-method is-config="true" signature="setup()[pri:0, instance:Pages.Logincalss@693fe6c9]" started-at="2023-02-06T22:37:14 IST" name="setup" finished-at="2023-02-06T22:37:24 IST" duration-ms="9306" status="PASS">
          <reporter-output>
          </reporter-output>
        </test-method> <!-- setup -->
        <test-method signature="iconfunctionality()[pri:0, instance:Pages.Logincalss@693fe6c9]" started-at="2023-02-06T22:37:24 IST" name="iconfunctionality" finished-at="2023-02-06T22:37:28 IST" duration-ms="3975" status="PASS">
          <reporter-output>
          </reporter-output>
        </test-method> <!-- iconfunctionality -->
        <test-method is-config="true" signature="teardown()[pri:0, instance:Pages.Logincalss@693fe6c9]" started-at="2023-02-06T22:37:28 IST" name="teardown" finished-at="2023-02-06T22:37:28 IST" duration-ms="185" status="PASS">
          <reporter-output>
          </reporter-output>
        </test-method> <!-- teardown -->
      </class> <!-- Pages.Logincalss -->
    </test> <!-- Default test -->
  </suite> <!-- Default suite -->
</testng-results>
